2019-10-08 19:17:32,589 [INFO] from play.api.db.DefaultDBApi in play-dev-mode-akka.actor.default-dispatcher-2 - Database [default] initialized at jdbc:h2:mem:play;DB_CLOSE_DELAY=-1
2019-10-08 19:17:32,600 [INFO] from application in play-dev-mode-akka.actor.default-dispatcher-2 - Creating Pool for datasource 'default'
2019-10-08 19:17:32,718 [INFO] from play.api.db.HikariCPConnectionPool in play-dev-mode-akka.actor.default-dispatcher-2 - datasource [default] bound to JNDI as DefaultDS
2019-10-08 19:17:36,247 [INFO] from akka.event.slf4j.Slf4jLogger in application-akka.actor.default-dispatcher-5 - Slf4jLogger started
2019-10-08 19:17:36,479 [INFO] from play.api.Play in play-dev-mode-akka.actor.default-dispatcher-2 - Application started (Dev) (no global state)
2019-10-08 19:18:19,481 [ERROR] from application in application-akka.actor.default-dispatcher-6 - 

! @7de4ami73 - Internal server error, for (PUT) [/4] ->
 
play.api.http.HttpErrorHandlerExceptions$$anon$1: Execution exception[[RuntimeException: java.lang.IllegalArgumentException: No serializer found for class play.mvc.Http$Headers and no properties discovered to create BeanSerializer (to avoid exception, disable SerializationFeature.FAIL_ON_EMPTY_BEANS) (through reference chain: play.core.j.RequestImpl["headers"])]]
	at play.api.http.HttpErrorHandlerExceptions$.throwableToUsefulException(HttpErrorHandler.scala:351)
	at play.api.http.DefaultHttpErrorHandler.onServerError(HttpErrorHandler.scala:267)
	at play.core.server.AkkaHttpServer$$anonfun$1.applyOrElse(AkkaHttpServer.scala:448)
	at play.core.server.AkkaHttpServer$$anonfun$1.applyOrElse(AkkaHttpServer.scala:446)
	at scala.concurrent.impl.Promise$Transformation.run(Promise.scala:453)
	at akka.dispatch.BatchingExecutor$AbstractBatch.processBatch(BatchingExecutor.scala:55)
	at akka.dispatch.BatchingExecutor$BlockableBatch.$anonfun$run$1(BatchingExecutor.scala:92)
	at scala.runtime.java8.JFunction0$mcV$sp.apply(JFunction0$mcV$sp.scala:18)
	at scala.concurrent.BlockContext$.withBlockContext(BlockContext.scala:94)
	at akka.dispatch.BatchingExecutor$BlockableBatch.run(BatchingExecutor.scala:92)
	at akka.dispatch.TaskInvocation.run(AbstractDispatcher.scala:41)
	at akka.dispatch.ForkJoinExecutorConfigurator$AkkaForkJoinTask.exec(ForkJoinExecutorConfigurator.scala:49)
	at akka.dispatch.forkjoin.ForkJoinTask.doExec(ForkJoinTask.java:260)
	at akka.dispatch.forkjoin.ForkJoinPool$WorkQueue.runTask(ForkJoinPool.java:1339)
	at akka.dispatch.forkjoin.ForkJoinPool.runWorker(ForkJoinPool.java:1979)
	at akka.dispatch.forkjoin.ForkJoinWorkerThread.run(ForkJoinWorkerThread.java:107)
Caused by: java.lang.RuntimeException: java.lang.IllegalArgumentException: No serializer found for class play.mvc.Http$Headers and no properties discovered to create BeanSerializer (to avoid exception, disable SerializationFeature.FAIL_ON_EMPTY_BEANS) (through reference chain: play.core.j.RequestImpl["headers"])
	at play.libs.Json.toJson(Json.java:73)
	at Infraestructura.controllers.HomeController.update(HomeController.java:22)
	at router.Routes$$anonfun$routes$1.$anonfun$applyOrElse$5(Routes.scala:107)
	at play.core.routing.HandlerInvokerFactory$$anon$9.resultCall(HandlerInvoker.scala:155)
	at play.core.routing.HandlerInvokerFactory$JavaActionInvokerFactory$$anon$3$$anon$4$$anon$5.invocation(HandlerInvoker.scala:116)
	at play.core.j.JavaAction$$anon$1.call(JavaAction.scala:131)
	at play.mvc.Action.lambda$call$0(Action.java:89)
	at java.base/java.util.Optional.map(Optional.java:265)
	at play.mvc.Action.call(Action.java:81)
	at play.http.DefaultActionCreator$1.call(DefaultActionCreator.java:33)
	at play.core.j.JavaAction.$anonfun$apply$8(JavaAction.scala:191)
	at scala.concurrent.Future$.$anonfun$apply$1(Future.scala:660)
	at scala.concurrent.impl.Promise$Transformation.run(Promise.scala:430)
	at play.core.j.HttpExecutionContext$$anon$2.run(HttpExecutionContext.scala:79)
	at play.api.libs.streams.Execution$trampoline$.execute(Execution.scala:72)
	at play.core.j.HttpExecutionContext.execute(HttpExecutionContext.scala:71)
	at scala.concurrent.impl.Promise$Transformation.submitWithValue(Promise.scala:392)
	at scala.concurrent.impl.Promise$DefaultPromise.submitWithValue(Promise.scala:302)
	at scala.concurrent.impl.Promise$DefaultPromise.dispatchOrAddCallbacks(Promise.scala:276)
	at scala.concurrent.impl.Promise$DefaultPromise.map(Promise.scala:146)
	at scala.concurrent.Future$.apply(Future.scala:660)
	at play.core.j.JavaAction.apply(JavaAction.scala:192)
	at play.api.mvc.Action.$anonfun$apply$2(Action.scala:98)
	at scala.concurrent.impl.Promise$Transformation.run(Promise.scala:433)
	... 11 common frames omitted
Caused by: java.lang.IllegalArgumentException: No serializer found for class play.mvc.Http$Headers and no properties discovered to create BeanSerializer (to avoid exception, disable SerializationFeature.FAIL_ON_EMPTY_BEANS) (through reference chain: play.core.j.RequestImpl["headers"])
	at com.fasterxml.jackson.databind.ObjectMapper.valueToTree(ObjectMapper.java:2802)
	at play.libs.Json.toJson(Json.java:71)
	... 34 common frames omitted
Caused by: com.fasterxml.jackson.databind.exc.InvalidDefinitionException: No serializer found for class play.mvc.Http$Headers and no properties discovered to create BeanSerializer (to avoid exception, disable SerializationFeature.FAIL_ON_EMPTY_BEANS) (through reference chain: play.core.j.RequestImpl["headers"])
	at com.fasterxml.jackson.databind.exc.InvalidDefinitionException.from(InvalidDefinitionException.java:77)
	at com.fasterxml.jackson.databind.SerializerProvider.reportBadDefinition(SerializerProvider.java:1191)
	at com.fasterxml.jackson.databind.DatabindContext.reportBadDefinition(DatabindContext.java:313)
	at com.fasterxml.jackson.databind.ser.impl.UnknownSerializer.failForEmpty(UnknownSerializer.java:71)
	at com.fasterxml.jackson.databind.ser.impl.UnknownSerializer.serialize(UnknownSerializer.java:33)
	at com.fasterxml.jackson.databind.ser.BeanPropertyWriter.serializeAsField(BeanPropertyWriter.java:727)
	at com.fasterxml.jackson.databind.ser.std.BeanSerializerBase.serializeFields(BeanSerializerBase.java:719)
	at com.fasterxml.jackson.databind.ser.BeanSerializer.serialize(BeanSerializer.java:155)
	at com.fasterxml.jackson.databind.ser.DefaultSerializerProvider._serialize(DefaultSerializerProvider.java:480)
	at com.fasterxml.jackson.databind.ser.DefaultSerializerProvider.serializeValue(DefaultSerializerProvider.java:319)
	at com.fasterxml.jackson.databind.ObjectMapper.writeValue(ObjectMapper.java:2655)
	at com.fasterxml.jackson.databind.ObjectMapper.valueToTree(ObjectMapper.java:2797)
	... 35 common frames omitted
2019-10-08 19:20:10,951 [INFO] from application in application-akka.actor.default-dispatcher-2 - Shutting down connection pool.
2019-10-08 19:20:11,427 [INFO] from play.api.db.DefaultDBApi in play-dev-mode-akka.actor.default-dispatcher-6 - Database [default] initialized at jdbc:h2:mem:play;DB_CLOSE_DELAY=-1
2019-10-08 19:20:11,429 [INFO] from application in play-dev-mode-akka.actor.default-dispatcher-6 - Creating Pool for datasource 'default'
2019-10-08 19:20:11,438 [INFO] from play.api.db.HikariCPConnectionPool in play-dev-mode-akka.actor.default-dispatcher-6 - datasource [default] bound to JNDI as DefaultDS
2019-10-08 19:20:11,760 [INFO] from akka.event.slf4j.Slf4jLogger in application-akka.actor.default-dispatcher-4 - Slf4jLogger started
2019-10-08 19:20:11,833 [INFO] from play.api.Play in play-dev-mode-akka.actor.default-dispatcher-6 - Application started (Dev) (no global state)
2019-10-08 19:21:57,723 [INFO] from application in application-akka.actor.default-dispatcher-2 - Shutting down connection pool.
2019-10-08 19:21:58,126 [INFO] from play.api.db.DefaultDBApi in play-dev-mode-akka.actor.default-dispatcher-12 - Database [default] initialized at jdbc:h2:mem:play;DB_CLOSE_DELAY=-1
2019-10-08 19:21:58,127 [INFO] from application in play-dev-mode-akka.actor.default-dispatcher-12 - Creating Pool for datasource 'default'
2019-10-08 19:21:58,137 [INFO] from play.api.db.HikariCPConnectionPool in play-dev-mode-akka.actor.default-dispatcher-12 - datasource [default] bound to JNDI as DefaultDS
2019-10-08 19:21:58,411 [INFO] from akka.event.slf4j.Slf4jLogger in application-akka.actor.default-dispatcher-5 - Slf4jLogger started
2019-10-08 19:21:58,545 [INFO] from play.api.Play in play-dev-mode-akka.actor.default-dispatcher-12 - Application started (Dev) (no global state)
2019-10-08 19:28:51,360 [ERROR] from application in play-dev-mode-akka.actor.default-dispatcher-16 - 

! @7de4c6gld - Internal server error, for (PUT) [/4] ->
 
play.sbt.PlayExceptions$CompilationException: Compilation error[not found: type Headers]
	at play.sbt.PlayExceptions$CompilationException$.apply(PlayExceptions.scala:37)
	at play.sbt.PlayExceptions$CompilationException$.apply(PlayExceptions.scala:37)
	at scala.Option.map(Option.scala:230)
	at play.sbt.run.PlayReload$.$anonfun$taskFailureHandler$1(PlayReload.scala:41)
	at scala.Option.map(Option.scala:230)
	at play.sbt.run.PlayReload$.taskFailureHandler(PlayReload.scala:36)
	at play.sbt.run.PlayReload$.compileFailure(PlayReload.scala:29)
	at play.sbt.run.PlayReload$.$anonfun$compile$3(PlayReload.scala:64)
	at scala.util.Either$LeftProjection.map(Either.scala:573)
	at play.sbt.run.PlayReload$.compile(PlayReload.scala:64)
	at play.sbt.run.PlayRun$.$anonfun$playRunTask$4(PlayRun.scala:80)
	at play.runsupport.Reloader.$anonfun$reload$1(Reloader.scala:501)
	at play.runsupport.Reloader$$anon$1.run(Reloader.scala:58)
	at java.base/java.security.AccessController.doPrivileged(Native Method)
	at play.runsupport.Reloader$.play$runsupport$Reloader$$withReloaderContextClassLoader(Reloader.scala:64)
	at play.runsupport.Reloader.reload(Reloader.scala:501)
	at play.core.server.DevServerStart$$anon$1.get(DevServerStart.scala:143)
	at play.core.server.AkkaHttpServer.handleRequest(AkkaHttpServer.scala:304)
	at play.core.server.AkkaHttpServer.$anonfun$createServerBinding$1(AkkaHttpServer.scala:189)
	at akka.stream.impl.fusing.MapAsync$$anon$30.onPush(Ops.scala:1261)
	at akka.stream.impl.fusing.GraphInterpreter.processPush(GraphInterpreter.scala:523)
	at akka.stream.impl.fusing.GraphInterpreter.execute(GraphInterpreter.scala:409)
	at akka.stream.impl.fusing.GraphInterpreterShell.runBatch(ActorGraphInterpreter.scala:606)
	at akka.stream.impl.fusing.GraphInterpreterShell$AsyncInput.execute(ActorGraphInterpreter.scala:485)
	at akka.stream.impl.fusing.GraphInterpreterShell.processEvent(ActorGraphInterpreter.scala:581)
	at akka.stream.impl.fusing.ActorGraphInterpreter.akka$stream$impl$fusing$ActorGraphInterpreter$$processEvent(ActorGraphInterpreter.scala:749)
	at akka.stream.impl.fusing.ActorGraphInterpreter$$anonfun$receive$1.applyOrElse(ActorGraphInterpreter.scala:764)
	at akka.actor.Actor.aroundReceive(Actor.scala:539)
	at akka.actor.Actor.aroundReceive$(Actor.scala:537)
	at akka.stream.impl.fusing.ActorGraphInterpreter.aroundReceive(ActorGraphInterpreter.scala:671)
	at akka.actor.ActorCell.receiveMessage(ActorCell.scala:612)
	at akka.actor.ActorCell.invoke(ActorCell.scala:581)
	at akka.dispatch.Mailbox.processMailbox(Mailbox.scala:268)
	at akka.dispatch.Mailbox.run(Mailbox.scala:229)
	at akka.dispatch.Mailbox.exec(Mailbox.scala:241)
	at akka.dispatch.forkjoin.ForkJoinTask.doExec(ForkJoinTask.java:260)
	at akka.dispatch.forkjoin.ForkJoinPool$WorkQueue.runTask(ForkJoinPool.java:1339)
	at akka.dispatch.forkjoin.ForkJoinPool.runWorker(ForkJoinPool.java:1979)
	at akka.dispatch.forkjoin.ForkJoinWorkerThread.run(ForkJoinWorkerThread.java:107)
2019-10-08 19:29:18,042 [ERROR] from application in play-dev-mode-akka.actor.default-dispatcher-17 - 

! @7de4c84ch - Internal server error, for (PUT) [/4] ->
 
play.sbt.PlayExceptions$CompilationException: Compilation error[not found: type Headers]
	at play.sbt.PlayExceptions$CompilationException$.apply(PlayExceptions.scala:37)
	at play.sbt.PlayExceptions$CompilationException$.apply(PlayExceptions.scala:37)
	at scala.Option.map(Option.scala:230)
	at play.sbt.run.PlayReload$.$anonfun$taskFailureHandler$1(PlayReload.scala:41)
	at scala.Option.map(Option.scala:230)
	at play.sbt.run.PlayReload$.taskFailureHandler(PlayReload.scala:36)
	at play.sbt.run.PlayReload$.compileFailure(PlayReload.scala:29)
	at play.sbt.run.PlayReload$.$anonfun$compile$3(PlayReload.scala:64)
	at scala.util.Either$LeftProjection.map(Either.scala:573)
	at play.sbt.run.PlayReload$.compile(PlayReload.scala:64)
	at play.sbt.run.PlayRun$.$anonfun$playRunTask$4(PlayRun.scala:80)
	at play.runsupport.Reloader.$anonfun$reload$1(Reloader.scala:501)
	at play.runsupport.Reloader$$anon$1.run(Reloader.scala:58)
	at java.base/java.security.AccessController.doPrivileged(Native Method)
	at play.runsupport.Reloader$.play$runsupport$Reloader$$withReloaderContextClassLoader(Reloader.scala:64)
	at play.runsupport.Reloader.reload(Reloader.scala:501)
	at play.core.server.DevServerStart$$anon$1.get(DevServerStart.scala:143)
	at play.core.server.AkkaHttpServer.handleRequest(AkkaHttpServer.scala:304)
	at play.core.server.AkkaHttpServer.$anonfun$createServerBinding$1(AkkaHttpServer.scala:189)
	at akka.stream.impl.fusing.MapAsync$$anon$30.onPush(Ops.scala:1261)
	at akka.stream.impl.fusing.GraphInterpreter.processPush(GraphInterpreter.scala:523)
	at akka.stream.impl.fusing.GraphInterpreter.execute(GraphInterpreter.scala:409)
	at akka.stream.impl.fusing.GraphInterpreterShell.runBatch(ActorGraphInterpreter.scala:606)
	at akka.stream.impl.fusing.GraphInterpreterShell$AsyncInput.execute(ActorGraphInterpreter.scala:485)
	at akka.stream.impl.fusing.GraphInterpreterShell.processEvent(ActorGraphInterpreter.scala:581)
	at akka.stream.impl.fusing.ActorGraphInterpreter.akka$stream$impl$fusing$ActorGraphInterpreter$$processEvent(ActorGraphInterpreter.scala:749)
	at akka.stream.impl.fusing.ActorGraphInterpreter$$anonfun$receive$1.applyOrElse(ActorGraphInterpreter.scala:764)
	at akka.actor.Actor.aroundReceive(Actor.scala:539)
	at akka.actor.Actor.aroundReceive$(Actor.scala:537)
	at akka.stream.impl.fusing.ActorGraphInterpreter.aroundReceive(ActorGraphInterpreter.scala:671)
	at akka.actor.ActorCell.receiveMessage(ActorCell.scala:612)
	at akka.actor.ActorCell.invoke(ActorCell.scala:581)
	at akka.dispatch.Mailbox.processMailbox(Mailbox.scala:268)
	at akka.dispatch.Mailbox.run(Mailbox.scala:229)
	at akka.dispatch.Mailbox.exec(Mailbox.scala:241)
	at akka.dispatch.forkjoin.ForkJoinTask.doExec(ForkJoinTask.java:260)
	at akka.dispatch.forkjoin.ForkJoinPool$WorkQueue.runTask(ForkJoinPool.java:1339)
	at akka.dispatch.forkjoin.ForkJoinPool.runWorker(ForkJoinPool.java:1979)
	at akka.dispatch.forkjoin.ForkJoinWorkerThread.run(ForkJoinWorkerThread.java:107)
2019-10-08 19:36:05,133 [ERROR] from application in play-dev-mode-akka.actor.default-dispatcher-18 - 

! @7de4d58i0 - Internal server error, for (PUT) [/4] ->
 
play.sbt.PlayExceptions$CompilationException: Compilation error[not found: type Headers]
	at play.sbt.PlayExceptions$CompilationException$.apply(PlayExceptions.scala:37)
	at play.sbt.PlayExceptions$CompilationException$.apply(PlayExceptions.scala:37)
	at scala.Option.map(Option.scala:230)
	at play.sbt.run.PlayReload$.$anonfun$taskFailureHandler$1(PlayReload.scala:41)
	at scala.Option.map(Option.scala:230)
	at play.sbt.run.PlayReload$.taskFailureHandler(PlayReload.scala:36)
	at play.sbt.run.PlayReload$.compileFailure(PlayReload.scala:29)
	at play.sbt.run.PlayReload$.$anonfun$compile$3(PlayReload.scala:64)
	at scala.util.Either$LeftProjection.map(Either.scala:573)
	at play.sbt.run.PlayReload$.compile(PlayReload.scala:64)
	at play.sbt.run.PlayRun$.$anonfun$playRunTask$4(PlayRun.scala:80)
	at play.runsupport.Reloader.$anonfun$reload$1(Reloader.scala:501)
	at play.runsupport.Reloader$$anon$1.run(Reloader.scala:58)
	at java.base/java.security.AccessController.doPrivileged(Native Method)
	at play.runsupport.Reloader$.play$runsupport$Reloader$$withReloaderContextClassLoader(Reloader.scala:64)
	at play.runsupport.Reloader.reload(Reloader.scala:501)
	at play.core.server.DevServerStart$$anon$1.get(DevServerStart.scala:143)
	at play.core.server.AkkaHttpServer.handleRequest(AkkaHttpServer.scala:304)
	at play.core.server.AkkaHttpServer.$anonfun$createServerBinding$1(AkkaHttpServer.scala:189)
	at akka.stream.impl.fusing.MapAsync$$anon$30.onPush(Ops.scala:1261)
	at akka.stream.impl.fusing.GraphInterpreter.processPush(GraphInterpreter.scala:523)
	at akka.stream.impl.fusing.GraphInterpreter.execute(GraphInterpreter.scala:409)
	at akka.stream.impl.fusing.GraphInterpreterShell.runBatch(ActorGraphInterpreter.scala:606)
	at akka.stream.impl.fusing.GraphInterpreterShell$AsyncInput.execute(ActorGraphInterpreter.scala:485)
	at akka.stream.impl.fusing.GraphInterpreterShell.processEvent(ActorGraphInterpreter.scala:581)
	at akka.stream.impl.fusing.ActorGraphInterpreter.akka$stream$impl$fusing$ActorGraphInterpreter$$processEvent(ActorGraphInterpreter.scala:749)
	at akka.stream.impl.fusing.ActorGraphInterpreter$$anonfun$receive$1.applyOrElse(ActorGraphInterpreter.scala:764)
	at akka.actor.Actor.aroundReceive(Actor.scala:539)
	at akka.actor.Actor.aroundReceive$(Actor.scala:537)
	at akka.stream.impl.fusing.ActorGraphInterpreter.aroundReceive(ActorGraphInterpreter.scala:671)
	at akka.actor.ActorCell.receiveMessage(ActorCell.scala:612)
	at akka.actor.ActorCell.invoke(ActorCell.scala:581)
	at akka.dispatch.Mailbox.processMailbox(Mailbox.scala:268)
	at akka.dispatch.Mailbox.run(Mailbox.scala:229)
	at akka.dispatch.Mailbox.exec(Mailbox.scala:241)
	at akka.dispatch.forkjoin.ForkJoinTask.doExec(ForkJoinTask.java:260)
	at akka.dispatch.forkjoin.ForkJoinPool$WorkQueue.runTask(ForkJoinPool.java:1339)
	at akka.dispatch.forkjoin.ForkJoinPool.runWorker(ForkJoinPool.java:1979)
	at akka.dispatch.forkjoin.ForkJoinWorkerThread.run(ForkJoinWorkerThread.java:107)
2019-10-08 19:36:45,931 [ERROR] from application in play-dev-mode-akka.actor.default-dispatcher-18 - 

! @7de4d7h14 - Internal server error, for (PUT) [/4] ->
 
play.sbt.PlayExceptions$CompilationException: Compilation error[type mismatch;
 found   : String
 required: play.mvc.Http.Headers]
	at play.sbt.PlayExceptions$CompilationException$.apply(PlayExceptions.scala:37)
	at play.sbt.PlayExceptions$CompilationException$.apply(PlayExceptions.scala:37)
	at scala.Option.map(Option.scala:230)
	at play.sbt.run.PlayReload$.$anonfun$taskFailureHandler$1(PlayReload.scala:41)
	at scala.Option.map(Option.scala:230)
	at play.sbt.run.PlayReload$.taskFailureHandler(PlayReload.scala:36)
	at play.sbt.run.PlayReload$.compileFailure(PlayReload.scala:29)
	at play.sbt.run.PlayReload$.$anonfun$compile$3(PlayReload.scala:64)
	at scala.util.Either$LeftProjection.map(Either.scala:573)
	at play.sbt.run.PlayReload$.compile(PlayReload.scala:64)
	at play.sbt.run.PlayRun$.$anonfun$playRunTask$4(PlayRun.scala:80)
	at play.runsupport.Reloader.$anonfun$reload$1(Reloader.scala:501)
	at play.runsupport.Reloader$$anon$1.run(Reloader.scala:58)
	at java.base/java.security.AccessController.doPrivileged(Native Method)
	at play.runsupport.Reloader$.play$runsupport$Reloader$$withReloaderContextClassLoader(Reloader.scala:64)
	at play.runsupport.Reloader.reload(Reloader.scala:501)
	at play.core.server.DevServerStart$$anon$1.get(DevServerStart.scala:143)
	at play.core.server.AkkaHttpServer.handleRequest(AkkaHttpServer.scala:304)
	at play.core.server.AkkaHttpServer.$anonfun$createServerBinding$1(AkkaHttpServer.scala:189)
	at akka.stream.impl.fusing.MapAsync$$anon$30.onPush(Ops.scala:1261)
	at akka.stream.impl.fusing.GraphInterpreter.processPush(GraphInterpreter.scala:523)
	at akka.stream.impl.fusing.GraphInterpreter.execute(GraphInterpreter.scala:409)
	at akka.stream.impl.fusing.GraphInterpreterShell.runBatch(ActorGraphInterpreter.scala:606)
	at akka.stream.impl.fusing.GraphInterpreterShell$AsyncInput.execute(ActorGraphInterpreter.scala:485)
	at akka.stream.impl.fusing.GraphInterpreterShell.processEvent(ActorGraphInterpreter.scala:581)
	at akka.stream.impl.fusing.ActorGraphInterpreter.akka$stream$impl$fusing$ActorGraphInterpreter$$processEvent(ActorGraphInterpreter.scala:749)
	at akka.stream.impl.fusing.ActorGraphInterpreter$$anonfun$receive$1.applyOrElse(ActorGraphInterpreter.scala:764)
	at akka.actor.Actor.aroundReceive(Actor.scala:539)
	at akka.actor.Actor.aroundReceive$(Actor.scala:537)
	at akka.stream.impl.fusing.ActorGraphInterpreter.aroundReceive(ActorGraphInterpreter.scala:671)
	at akka.actor.ActorCell.receiveMessage(ActorCell.scala:612)
	at akka.actor.ActorCell.invoke(ActorCell.scala:581)
	at akka.dispatch.Mailbox.processMailbox(Mailbox.scala:268)
	at akka.dispatch.Mailbox.run(Mailbox.scala:229)
	at akka.dispatch.Mailbox.exec(Mailbox.scala:241)
	at akka.dispatch.forkjoin.ForkJoinTask.doExec(ForkJoinTask.java:260)
	at akka.dispatch.forkjoin.ForkJoinPool$WorkQueue.runTask(ForkJoinPool.java:1339)
	at akka.dispatch.forkjoin.ForkJoinPool.runWorker(ForkJoinPool.java:1979)
	at akka.dispatch.forkjoin.ForkJoinWorkerThread.run(ForkJoinWorkerThread.java:107)
2019-10-08 19:37:09,041 [ERROR] from application in play-dev-mode-akka.actor.default-dispatcher-20 - 

! @7de4d8p56 - Internal server error, for (PUT) [/4] ->
 
play.sbt.PlayExceptions$CompilationException: Compilation error[not found: type Headers]
	at play.sbt.PlayExceptions$CompilationException$.apply(PlayExceptions.scala:37)
	at play.sbt.PlayExceptions$CompilationException$.apply(PlayExceptions.scala:37)
	at scala.Option.map(Option.scala:230)
	at play.sbt.run.PlayReload$.$anonfun$taskFailureHandler$1(PlayReload.scala:41)
	at scala.Option.map(Option.scala:230)
	at play.sbt.run.PlayReload$.taskFailureHandler(PlayReload.scala:36)
	at play.sbt.run.PlayReload$.compileFailure(PlayReload.scala:29)
	at play.sbt.run.PlayReload$.$anonfun$compile$3(PlayReload.scala:64)
	at scala.util.Either$LeftProjection.map(Either.scala:573)
	at play.sbt.run.PlayReload$.compile(PlayReload.scala:64)
	at play.sbt.run.PlayRun$.$anonfun$playRunTask$4(PlayRun.scala:80)
	at play.runsupport.Reloader.$anonfun$reload$1(Reloader.scala:501)
	at play.runsupport.Reloader$$anon$1.run(Reloader.scala:58)
	at java.base/java.security.AccessController.doPrivileged(Native Method)
	at play.runsupport.Reloader$.play$runsupport$Reloader$$withReloaderContextClassLoader(Reloader.scala:64)
	at play.runsupport.Reloader.reload(Reloader.scala:501)
	at play.core.server.DevServerStart$$anon$1.get(DevServerStart.scala:143)
	at play.core.server.AkkaHttpServer.handleRequest(AkkaHttpServer.scala:304)
	at play.core.server.AkkaHttpServer.$anonfun$createServerBinding$1(AkkaHttpServer.scala:189)
	at akka.stream.impl.fusing.MapAsync$$anon$30.onPush(Ops.scala:1261)
	at akka.stream.impl.fusing.GraphInterpreter.processPush(GraphInterpreter.scala:523)
	at akka.stream.impl.fusing.GraphInterpreter.execute(GraphInterpreter.scala:409)
	at akka.stream.impl.fusing.GraphInterpreterShell.runBatch(ActorGraphInterpreter.scala:606)
	at akka.stream.impl.fusing.GraphInterpreterShell$AsyncInput.execute(ActorGraphInterpreter.scala:485)
	at akka.stream.impl.fusing.GraphInterpreterShell.processEvent(ActorGraphInterpreter.scala:581)
	at akka.stream.impl.fusing.ActorGraphInterpreter.akka$stream$impl$fusing$ActorGraphInterpreter$$processEvent(ActorGraphInterpreter.scala:749)
	at akka.stream.impl.fusing.ActorGraphInterpreter$$anonfun$receive$1.applyOrElse(ActorGraphInterpreter.scala:764)
	at akka.actor.Actor.aroundReceive(Actor.scala:539)
	at akka.actor.Actor.aroundReceive$(Actor.scala:537)
	at akka.stream.impl.fusing.ActorGraphInterpreter.aroundReceive(ActorGraphInterpreter.scala:671)
	at akka.actor.ActorCell.receiveMessage(ActorCell.scala:612)
	at akka.actor.ActorCell.invoke(ActorCell.scala:581)
	at akka.dispatch.Mailbox.processMailbox(Mailbox.scala:268)
	at akka.dispatch.Mailbox.run(Mailbox.scala:229)
	at akka.dispatch.Mailbox.exec(Mailbox.scala:241)
	at akka.dispatch.forkjoin.ForkJoinTask.doExec(ForkJoinTask.java:260)
	at akka.dispatch.forkjoin.ForkJoinPool$WorkQueue.runTask(ForkJoinPool.java:1339)
	at akka.dispatch.forkjoin.ForkJoinPool.runWorker(ForkJoinPool.java:1979)
	at akka.dispatch.forkjoin.ForkJoinWorkerThread.run(ForkJoinWorkerThread.java:107)
2019-10-08 19:42:16,814 [INFO] from application in application-akka.actor.default-dispatcher-2 - Shutting down connection pool.
2019-10-08 19:42:17,233 [INFO] from play.api.db.DefaultDBApi in play-dev-mode-akka.actor.default-dispatcher-23 - Database [default] initialized at jdbc:h2:mem:play;DB_CLOSE_DELAY=-1
2019-10-08 19:42:17,234 [INFO] from application in play-dev-mode-akka.actor.default-dispatcher-23 - Creating Pool for datasource 'default'
2019-10-08 19:42:17,245 [INFO] from play.api.db.HikariCPConnectionPool in play-dev-mode-akka.actor.default-dispatcher-23 - datasource [default] bound to JNDI as DefaultDS
2019-10-08 19:42:17,492 [INFO] from akka.event.slf4j.Slf4jLogger in application-akka.actor.default-dispatcher-2 - Slf4jLogger started
2019-10-08 19:42:17,553 [INFO] from play.api.Play in play-dev-mode-akka.actor.default-dispatcher-23 - Application started (Dev) (no global state)
2019-10-08 19:42:17,576 [ERROR] from application in application-akka.actor.default-dispatcher-3 - 

! @7de4e0dgk - Internal server error, for (PUT) [/4] ->
 
play.api.http.HttpErrorHandlerExceptions$$anon$1: Execution exception[[RuntimeException: java.lang.IllegalArgumentException: No serializer found for class play.mvc.Http$Headers and no properties discovered to create BeanSerializer (to avoid exception, disable SerializationFeature.FAIL_ON_EMPTY_BEANS)]]
	at play.api.http.HttpErrorHandlerExceptions$.throwableToUsefulException(HttpErrorHandler.scala:351)
	at play.api.http.DefaultHttpErrorHandler.onServerError(HttpErrorHandler.scala:267)
	at play.core.server.AkkaHttpServer$$anonfun$1.applyOrElse(AkkaHttpServer.scala:448)
	at play.core.server.AkkaHttpServer$$anonfun$1.applyOrElse(AkkaHttpServer.scala:446)
	at scala.concurrent.impl.Promise$Transformation.run(Promise.scala:453)
	at akka.dispatch.BatchingExecutor$AbstractBatch.processBatch(BatchingExecutor.scala:55)
	at akka.dispatch.BatchingExecutor$BlockableBatch.$anonfun$run$1(BatchingExecutor.scala:92)
	at scala.runtime.java8.JFunction0$mcV$sp.apply(JFunction0$mcV$sp.scala:18)
	at scala.concurrent.BlockContext$.withBlockContext(BlockContext.scala:94)
	at akka.dispatch.BatchingExecutor$BlockableBatch.run(BatchingExecutor.scala:92)
	at akka.dispatch.TaskInvocation.run(AbstractDispatcher.scala:41)
	at akka.dispatch.ForkJoinExecutorConfigurator$AkkaForkJoinTask.exec(ForkJoinExecutorConfigurator.scala:49)
	at akka.dispatch.forkjoin.ForkJoinTask.doExec(ForkJoinTask.java:260)
	at akka.dispatch.forkjoin.ForkJoinPool$WorkQueue.runTask(ForkJoinPool.java:1339)
	at akka.dispatch.forkjoin.ForkJoinPool.runWorker(ForkJoinPool.java:1979)
	at akka.dispatch.forkjoin.ForkJoinWorkerThread.run(ForkJoinWorkerThread.java:107)
Caused by: java.lang.RuntimeException: java.lang.IllegalArgumentException: No serializer found for class play.mvc.Http$Headers and no properties discovered to create BeanSerializer (to avoid exception, disable SerializationFeature.FAIL_ON_EMPTY_BEANS)
	at play.libs.Json.toJson(Json.java:73)
	at Infraestructura.controllers.HomeController.update(HomeController.java:23)
	at router.Routes$$anonfun$routes$1.$anonfun$applyOrElse$5(Routes.scala:107)
	at play.core.routing.HandlerInvokerFactory$$anon$9.resultCall(HandlerInvoker.scala:155)
	at play.core.routing.HandlerInvokerFactory$JavaActionInvokerFactory$$anon$3$$anon$4$$anon$5.invocation(HandlerInvoker.scala:116)
	at play.core.j.JavaAction$$anon$1.call(JavaAction.scala:131)
	at play.mvc.Action.lambda$call$0(Action.java:89)
	at java.base/java.util.Optional.map(Optional.java:265)
	at play.mvc.Action.call(Action.java:81)
	at play.http.DefaultActionCreator$1.call(DefaultActionCreator.java:33)
	at play.core.j.JavaAction.$anonfun$apply$8(JavaAction.scala:191)
	at scala.concurrent.Future$.$anonfun$apply$1(Future.scala:660)
	at scala.concurrent.impl.Promise$Transformation.run(Promise.scala:430)
	at play.core.j.HttpExecutionContext$$anon$2.run(HttpExecutionContext.scala:79)
	at play.api.libs.streams.Execution$trampoline$.execute(Execution.scala:72)
	at play.core.j.HttpExecutionContext.execute(HttpExecutionContext.scala:71)
	at scala.concurrent.impl.Promise$Transformation.submitWithValue(Promise.scala:392)
	at scala.concurrent.impl.Promise$DefaultPromise.submitWithValue(Promise.scala:302)
	at scala.concurrent.impl.Promise$DefaultPromise.dispatchOrAddCallbacks(Promise.scala:276)
	at scala.concurrent.impl.Promise$DefaultPromise.map(Promise.scala:146)
	at scala.concurrent.Future$.apply(Future.scala:660)
	at play.core.j.JavaAction.apply(JavaAction.scala:192)
	at play.api.mvc.Action.$anonfun$apply$2(Action.scala:98)
	at scala.concurrent.impl.Promise$Transformation.run(Promise.scala:433)
	... 11 common frames omitted
Caused by: java.lang.IllegalArgumentException: No serializer found for class play.mvc.Http$Headers and no properties discovered to create BeanSerializer (to avoid exception, disable SerializationFeature.FAIL_ON_EMPTY_BEANS)
	at com.fasterxml.jackson.databind.ObjectMapper.valueToTree(ObjectMapper.java:2802)
	at play.libs.Json.toJson(Json.java:71)
	... 34 common frames omitted
Caused by: com.fasterxml.jackson.databind.exc.InvalidDefinitionException: No serializer found for class play.mvc.Http$Headers and no properties discovered to create BeanSerializer (to avoid exception, disable SerializationFeature.FAIL_ON_EMPTY_BEANS)
	at com.fasterxml.jackson.databind.exc.InvalidDefinitionException.from(InvalidDefinitionException.java:77)
	at com.fasterxml.jackson.databind.SerializerProvider.reportBadDefinition(SerializerProvider.java:1191)
	at com.fasterxml.jackson.databind.DatabindContext.reportBadDefinition(DatabindContext.java:313)
	at com.fasterxml.jackson.databind.ser.impl.UnknownSerializer.failForEmpty(UnknownSerializer.java:71)
	at com.fasterxml.jackson.databind.ser.impl.UnknownSerializer.serialize(UnknownSerializer.java:33)
	at com.fasterxml.jackson.databind.ser.DefaultSerializerProvider._serialize(DefaultSerializerProvider.java:480)
	at com.fasterxml.jackson.databind.ser.DefaultSerializerProvider.serializeValue(DefaultSerializerProvider.java:319)
	at com.fasterxml.jackson.databind.ObjectMapper.writeValue(ObjectMapper.java:2655)
	at com.fasterxml.jackson.databind.ObjectMapper.valueToTree(ObjectMapper.java:2797)
	... 35 common frames omitted
2019-10-08 19:43:03,769 [INFO] from application in application-akka.actor.default-dispatcher-2 - Shutting down connection pool.
2019-10-08 19:43:04,114 [INFO] from play.api.db.DefaultDBApi in play-dev-mode-akka.actor.default-dispatcher-21 - Database [default] initialized at jdbc:h2:mem:play;DB_CLOSE_DELAY=-1
2019-10-08 19:43:04,115 [INFO] from application in play-dev-mode-akka.actor.default-dispatcher-21 - Creating Pool for datasource 'default'
2019-10-08 19:43:04,126 [INFO] from play.api.db.HikariCPConnectionPool in play-dev-mode-akka.actor.default-dispatcher-21 - datasource [default] bound to JNDI as DefaultDS
2019-10-08 19:43:04,349 [INFO] from akka.event.slf4j.Slf4jLogger in application-akka.actor.default-dispatcher-4 - Slf4jLogger started
2019-10-08 19:43:04,459 [INFO] from play.api.Play in play-dev-mode-akka.actor.default-dispatcher-21 - Application started (Dev) (no global state)
2019-10-08 20:01:19,011 [INFO] from play.core.server.AkkaHttpServer in play-dev-mode-shutdown-hook-1 - Stopping server...
2019-10-08 20:01:26,652 [WARN] from akka.actor.CoordinatedShutdown in play-dev-mode-akka.actor.default-dispatcher-23 - Task [shutdown-application-dev-mode] failed in phase [service-stop]: Compilation error[type HomeController is not a member of package Infraestructura.controllers]
